<?xml version="1.0" encoding="UTF-8"?>
<!-- Generated by org.testng.reporters.JUnitReportReporter -->
<testsuite hostname="DESKTOP-4AEREPT" failures="0" tests="1" name="runner.HomeRunner" time="46.403" errors="0" timestamp="2024-06-14T14:58:37 IST" skipped="0">
  <testcase classname="runner.HomeRunner" name="runScenario" time="46.403"/>
  <system-out/>
</testsuite> <!-- runner.HomeRunner -->
