<?xml version="1.0" encoding="UTF-8"?>
<!-- Generated by org.testng.reporters.JUnitReportReporter -->
<testsuite hostname="DESKTOP-4AEREPT" failures="0" tests="1" name="runner.HomeRunner" time="16.928" errors="0" timestamp="2024-06-23T15:59:04 IST" skipped="0">
  <testcase classname="runner.HomeRunner" name="runScenario" time="16.928"/>
  <system-out/>
</testsuite> <!-- runner.HomeRunner -->
